  [4;36;1mSQL (0.3ms)[0m   [0;1m SELECT name
 FROM sqlite_master
 WHERE type = 'table' AND NOT name = 'sqlite_sequence'
[0m
  [4;35;1mSQL (0.1ms)[0m   [0mselect sqlite_version(*)[0m
  [4;36;1mSQL (12.6ms)[0m   [0;1mCREATE TABLE "schema_migrations" ("version" varchar(255) NOT NULL) [0m
  [4;35;1mSQL (1.9ms)[0m   [0mCREATE UNIQUE INDEX "unique_schema_migrations" ON "schema_migrations" ("version")[0m
  [4;36;1mSQL (0.2ms)[0m   [0;1m SELECT name
 FROM sqlite_master
 WHERE type = 'table' AND NOT name = 'sqlite_sequence'
[0m
  [4;35;1mSQL (0.1ms)[0m   [0mSELECT version FROM schema_migrations[0m
Migrating to CreateClicks (20090309183155)
  [4;36;1mSQL (2.4ms)[0m   [0;1mCREATE TABLE "clicks" ("id" INTEGER PRIMARY KEY AUTOINCREMENT NOT NULL, "referral" varchar(255), "tags" varchar(255), "ip_address" varchar(255), "useragent" varchar(255), "created_at" datetime, "updated_at" datetime) [0m
  [4;35;1mSQL (1.6ms)[0m   [0mINSERT INTO schema_migrations (version) VALUES ('20090309183155')[0m
  [4;36;1mSQL (0.2ms)[0m   [0;1m SELECT name
 FROM sqlite_master
 WHERE type = 'table' AND NOT name = 'sqlite_sequence'
[0m
  [4;35;1mSQL (0.1ms)[0m   [0mSELECT version FROM schema_migrations[0m
  [4;36;1mSQL (0.1ms)[0m   [0;1m SELECT name
 FROM sqlite_master
 WHERE type = 'table' AND NOT name = 'sqlite_sequence'
[0m
  [4;35;1mSQL (0.0ms)[0m   [0mPRAGMA index_list("clicks")[0m


Processing ClicksController#index (for 127.0.0.1 at 2009-03-09 14:54:06) [GET]


ActionController::UnknownAction (No action responded to index. Actions: new):
    /Users/joshua.lippiner/.gem/ruby/1.8/gems/actionpack-2.2.2/lib/action_controller/filters.rb:617:in `call_filters'
    /Users/joshua.lippiner/.gem/ruby/1.8/gems/actionpack-2.2.2/lib/action_controller/filters.rb:610:in `perform_action_without_benchmark'
    /Users/joshua.lippiner/.gem/ruby/1.8/gems/actionpack-2.2.2/lib/action_controller/benchmarking.rb:68:in `perform_action_without_rescue'
    /System/Library/Frameworks/Ruby.framework/Versions/1.8/usr/lib/ruby/1.8/benchmark.rb:293:in `measure'
    /Users/joshua.lippiner/.gem/ruby/1.8/gems/actionpack-2.2.2/lib/action_controller/benchmarking.rb:68:in `perform_action_without_rescue'
    /Users/joshua.lippiner/.gem/ruby/1.8/gems/actionpack-2.2.2/lib/action_controller/rescue.rb:136:in `perform_action_without_caching'
    /Users/joshua.lippiner/.gem/ruby/1.8/gems/actionpack-2.2.2/lib/action_controller/caching/sql_cache.rb:13:in `perform_action'
    /Users/joshua.lippiner/.gem/ruby/1.8/gems/activerecord-2.2.2/lib/active_record/connection_adapters/abstract/query_cache.rb:34:in `cache'
    /Users/joshua.lippiner/.gem/ruby/1.8/gems/activerecord-2.2.2/lib/active_record/query_cache.rb:8:in `cache'
    /Users/joshua.lippiner/.gem/ruby/1.8/gems/actionpack-2.2.2/lib/action_controller/caching/sql_cache.rb:12:in `perform_action'
    /Users/joshua.lippiner/.gem/ruby/1.8/gems/actionpack-2.2.2/lib/action_controller/base.rb:524:in `send'
    /Users/joshua.lippiner/.gem/ruby/1.8/gems/actionpack-2.2.2/lib/action_controller/base.rb:524:in `process_without_filters'
    /Users/joshua.lippiner/.gem/ruby/1.8/gems/actionpack-2.2.2/lib/action_controller/filters.rb:606:in `process_without_session_management_support'
    /Users/joshua.lippiner/.gem/ruby/1.8/gems/actionpack-2.2.2/lib/action_controller/session_management.rb:134:in `process'
    /Users/joshua.lippiner/.gem/ruby/1.8/gems/actionpack-2.2.2/lib/action_controller/base.rb:392:in `process'
    /Users/joshua.lippiner/.gem/ruby/1.8/gems/actionpack-2.2.2/lib/action_controller/dispatcher.rb:183:in `handle_request'
    /Users/joshua.lippiner/.gem/ruby/1.8/gems/actionpack-2.2.2/lib/action_controller/dispatcher.rb:110:in `dispatch_unlocked'
    /Users/joshua.lippiner/.gem/ruby/1.8/gems/actionpack-2.2.2/lib/action_controller/dispatcher.rb:123:in `dispatch'
    /Users/joshua.lippiner/.gem/ruby/1.8/gems/actionpack-2.2.2/lib/action_controller/dispatcher.rb:122:in `synchronize'
    /Users/joshua.lippiner/.gem/ruby/1.8/gems/actionpack-2.2.2/lib/action_controller/dispatcher.rb:122:in `dispatch'
    /Users/joshua.lippiner/.gem/ruby/1.8/gems/actionpack-2.2.2/lib/action_controller/dispatcher.rb:132:in `dispatch_cgi'
    /Users/joshua.lippiner/.gem/ruby/1.8/gems/actionpack-2.2.2/lib/action_controller/dispatcher.rb:39:in `dispatch'
    /Users/joshua.lippiner/.gem/ruby/1.8/gems/mongrel-1.1.5/bin/../lib/mongrel/rails.rb:76:in `process'
    /Users/joshua.lippiner/.gem/ruby/1.8/gems/mongrel-1.1.5/bin/../lib/mongrel/rails.rb:74:in `synchronize'
    /Users/joshua.lippiner/.gem/ruby/1.8/gems/mongrel-1.1.5/bin/../lib/mongrel/rails.rb:74:in `process'
    /Users/joshua.lippiner/.gem/ruby/1.8/gems/mongrel-1.1.5/lib/mongrel.rb:159:in `process_client'
    /Users/joshua.lippiner/.gem/ruby/1.8/gems/mongrel-1.1.5/lib/mongrel.rb:158:in `each'
    /Users/joshua.lippiner/.gem/ruby/1.8/gems/mongrel-1.1.5/lib/mongrel.rb:158:in `process_client'
    /Users/joshua.lippiner/.gem/ruby/1.8/gems/mongrel-1.1.5/lib/mongrel.rb:285:in `run'
    /Users/joshua.lippiner/.gem/ruby/1.8/gems/mongrel-1.1.5/lib/mongrel.rb:285:in `initialize'
    /Users/joshua.lippiner/.gem/ruby/1.8/gems/mongrel-1.1.5/lib/mongrel.rb:285:in `new'
    /Users/joshua.lippiner/.gem/ruby/1.8/gems/mongrel-1.1.5/lib/mongrel.rb:285:in `run'
    /Users/joshua.lippiner/.gem/ruby/1.8/gems/mongrel-1.1.5/lib/mongrel.rb:268:in `initialize'
    /Users/joshua.lippiner/.gem/ruby/1.8/gems/mongrel-1.1.5/lib/mongrel.rb:268:in `new'
    /Users/joshua.lippiner/.gem/ruby/1.8/gems/mongrel-1.1.5/lib/mongrel.rb:268:in `run'
    /Users/joshua.lippiner/.gem/ruby/1.8/gems/mongrel-1.1.5/lib/mongrel/configurator.rb:282:in `run'
    /Users/joshua.lippiner/.gem/ruby/1.8/gems/mongrel-1.1.5/lib/mongrel/configurator.rb:281:in `each'
    /Users/joshua.lippiner/.gem/ruby/1.8/gems/mongrel-1.1.5/lib/mongrel/configurator.rb:281:in `run'
    /Users/joshua.lippiner/.gem/ruby/1.8/gems/mongrel-1.1.5/bin/mongrel_rails:128:in `run'
    /Users/joshua.lippiner/.gem/ruby/1.8/gems/mongrel-1.1.5/lib/mongrel/command.rb:212:in `run'
    /Users/joshua.lippiner/.gem/ruby/1.8/gems/mongrel-1.1.5/bin/mongrel_rails:281
    /Users/joshua.lippiner/.gem/ruby/1.8/gems/activesupport-2.2.2/lib/active_support/dependencies.rb:142:in `load_without_new_constant_marking'
    /Users/joshua.lippiner/.gem/ruby/1.8/gems/activesupport-2.2.2/lib/active_support/dependencies.rb:142:in `load'
    /Users/joshua.lippiner/.gem/ruby/1.8/gems/activesupport-2.2.2/lib/active_support/dependencies.rb:521:in `new_constants_in'
    /Users/joshua.lippiner/.gem/ruby/1.8/gems/activesupport-2.2.2/lib/active_support/dependencies.rb:142:in `load'
    /Users/joshua.lippiner/.gem/ruby/1.8/gems/rails-2.2.2/lib/commands/servers/mongrel.rb:64
    /Library/Ruby/Site/1.8/rubygems/custom_require.rb:31:in `gem_original_require'
    /Library/Ruby/Site/1.8/rubygems/custom_require.rb:31:in `require'
    /Users/joshua.lippiner/.gem/ruby/1.8/gems/activesupport-2.2.2/lib/active_support/dependencies.rb:153:in `require'
    /Users/joshua.lippiner/.gem/ruby/1.8/gems/activesupport-2.2.2/lib/active_support/dependencies.rb:521:in `new_constants_in'
    /Users/joshua.lippiner/.gem/ruby/1.8/gems/activesupport-2.2.2/lib/active_support/dependencies.rb:153:in `require'
    /Users/joshua.lippiner/.gem/ruby/1.8/gems/rails-2.2.2/lib/commands/server.rb:49
    /Library/Ruby/Site/1.8/rubygems/custom_require.rb:31:in `gem_original_require'
    /Library/Ruby/Site/1.8/rubygems/custom_require.rb:31:in `require'
    script/server:3

Rendering /Users/joshua.lippiner/.gem/ruby/1.8/gems/actionpack-2.2.2/lib/action_controller/templates/rescues/layout.erb (not_found)


Processing ClicksController#new (for 127.0.0.1 at 2009-03-09 14:54:11) [GET]
  [4;36;1mClicks Create (0.5ms)[0m   [0;1mINSERT INTO "clicks" ("referral", "updated_at", "tags", "useragent", "ip_address", "created_at") VALUES(NULL, '2009-03-09 18:54:11', NULL, NULL, NULL, '2009-03-09 18:54:11')[0m


NameError (undefined local variable or method `www' for #<ClicksController:0x2357968>):
    /app/controllers/clicks_controller.rb:4:in `new'
    /Users/joshua.lippiner/.gem/ruby/1.8/gems/actionpack-2.2.2/lib/action_controller/base.rb:1253:in `send'
    /Users/joshua.lippiner/.gem/ruby/1.8/gems/actionpack-2.2.2/lib/action_controller/base.rb:1253:in `perform_action_without_filters'
    /Users/joshua.lippiner/.gem/ruby/1.8/gems/actionpack-2.2.2/lib/action_controller/filters.rb:617:in `call_filters'
    /Users/joshua.lippiner/.gem/ruby/1.8/gems/actionpack-2.2.2/lib/action_controller/filters.rb:610:in `perform_action_without_benchmark'
    /Users/joshua.lippiner/.gem/ruby/1.8/gems/actionpack-2.2.2/lib/action_controller/benchmarking.rb:68:in `perform_action_without_rescue'
    /System/Library/Frameworks/Ruby.framework/Versions/1.8/usr/lib/ruby/1.8/benchmark.rb:293:in `measure'
    /Users/joshua.lippiner/.gem/ruby/1.8/gems/actionpack-2.2.2/lib/action_controller/benchmarking.rb:68:in `perform_action_without_rescue'
    /Users/joshua.lippiner/.gem/ruby/1.8/gems/actionpack-2.2.2/lib/action_controller/rescue.rb:136:in `perform_action_without_caching'
    /Users/joshua.lippiner/.gem/ruby/1.8/gems/actionpack-2.2.2/lib/action_controller/caching/sql_cache.rb:13:in `perform_action'
    /Users/joshua.lippiner/.gem/ruby/1.8/gems/activerecord-2.2.2/lib/active_record/connection_adapters/abstract/query_cache.rb:34:in `cache'
    /Users/joshua.lippiner/.gem/ruby/1.8/gems/activerecord-2.2.2/lib/active_record/query_cache.rb:8:in `cache'
    /Users/joshua.lippiner/.gem/ruby/1.8/gems/actionpack-2.2.2/lib/action_controller/caching/sql_cache.rb:12:in `perform_action'
    /Users/joshua.lippiner/.gem/ruby/1.8/gems/actionpack-2.2.2/lib/action_controller/base.rb:524:in `send'
    /Users/joshua.lippiner/.gem/ruby/1.8/gems/actionpack-2.2.2/lib/action_controller/base.rb:524:in `process_without_filters'
    /Users/joshua.lippiner/.gem/ruby/1.8/gems/actionpack-2.2.2/lib/action_controller/filters.rb:606:in `process_without_session_management_support'
    /Users/joshua.lippiner/.gem/ruby/1.8/gems/actionpack-2.2.2/lib/action_controller/session_management.rb:134:in `process'
    /Users/joshua.lippiner/.gem/ruby/1.8/gems/actionpack-2.2.2/lib/action_controller/base.rb:392:in `process'
    /Users/joshua.lippiner/.gem/ruby/1.8/gems/actionpack-2.2.2/lib/action_controller/dispatcher.rb:183:in `handle_request'
    /Users/joshua.lippiner/.gem/ruby/1.8/gems/actionpack-2.2.2/lib/action_controller/dispatcher.rb:110:in `dispatch_unlocked'
    /Users/joshua.lippiner/.gem/ruby/1.8/gems/actionpack-2.2.2/lib/action_controller/dispatcher.rb:123:in `dispatch'
    /Users/joshua.lippiner/.gem/ruby/1.8/gems/actionpack-2.2.2/lib/action_controller/dispatcher.rb:122:in `synchronize'
    /Users/joshua.lippiner/.gem/ruby/1.8/gems/actionpack-2.2.2/lib/action_controller/dispatcher.rb:122:in `dispatch'
    /Users/joshua.lippiner/.gem/ruby/1.8/gems/actionpack-2.2.2/lib/action_controller/dispatcher.rb:132:in `dispatch_cgi'
    /Users/joshua.lippiner/.gem/ruby/1.8/gems/actionpack-2.2.2/lib/action_controller/dispatcher.rb:39:in `dispatch'
    /Users/joshua.lippiner/.gem/ruby/1.8/gems/mongrel-1.1.5/bin/../lib/mongrel/rails.rb:76:in `process'
    /Users/joshua.lippiner/.gem/ruby/1.8/gems/mongrel-1.1.5/bin/../lib/mongrel/rails.rb:74:in `synchronize'
    /Users/joshua.lippiner/.gem/ruby/1.8/gems/mongrel-1.1.5/bin/../lib/mongrel/rails.rb:74:in `process'
    /Users/joshua.lippiner/.gem/ruby/1.8/gems/mongrel-1.1.5/lib/mongrel.rb:159:in `process_client'
    /Users/joshua.lippiner/.gem/ruby/1.8/gems/mongrel-1.1.5/lib/mongrel.rb:158:in `each'
    /Users/joshua.lippiner/.gem/ruby/1.8/gems/mongrel-1.1.5/lib/mongrel.rb:158:in `process_client'
    /Users/joshua.lippiner/.gem/ruby/1.8/gems/mongrel-1.1.5/lib/mongrel.rb:285:in `run'
    /Users/joshua.lippiner/.gem/ruby/1.8/gems/mongrel-1.1.5/lib/mongrel.rb:285:in `initialize'
    /Users/joshua.lippiner/.gem/ruby/1.8/gems/mongrel-1.1.5/lib/mongrel.rb:285:in `new'
    /Users/joshua.lippiner/.gem/ruby/1.8/gems/mongrel-1.1.5/lib/mongrel.rb:285:in `run'
    /Users/joshua.lippiner/.gem/ruby/1.8/gems/mongrel-1.1.5/lib/mongrel.rb:268:in `initialize'
    /Users/joshua.lippiner/.gem/ruby/1.8/gems/mongrel-1.1.5/lib/mongrel.rb:268:in `new'
    /Users/joshua.lippiner/.gem/ruby/1.8/gems/mongrel-1.1.5/lib/mongrel.rb:268:in `run'
    /Users/joshua.lippiner/.gem/ruby/1.8/gems/mongrel-1.1.5/lib/mongrel/configurator.rb:282:in `run'
    /Users/joshua.lippiner/.gem/ruby/1.8/gems/mongrel-1.1.5/lib/mongrel/configurator.rb:281:in `each'
    /Users/joshua.lippiner/.gem/ruby/1.8/gems/mongrel-1.1.5/lib/mongrel/configurator.rb:281:in `run'
    /Users/joshua.lippiner/.gem/ruby/1.8/gems/mongrel-1.1.5/bin/mongrel_rails:128:in `run'
    /Users/joshua.lippiner/.gem/ruby/1.8/gems/mongrel-1.1.5/lib/mongrel/command.rb:212:in `run'
    /Users/joshua.lippiner/.gem/ruby/1.8/gems/mongrel-1.1.5/bin/mongrel_rails:281
    /Users/joshua.lippiner/.gem/ruby/1.8/gems/activesupport-2.2.2/lib/active_support/dependencies.rb:142:in `load_without_new_constant_marking'
    /Users/joshua.lippiner/.gem/ruby/1.8/gems/activesupport-2.2.2/lib/active_support/dependencies.rb:142:in `load'
    /Users/joshua.lippiner/.gem/ruby/1.8/gems/activesupport-2.2.2/lib/active_support/dependencies.rb:521:in `new_constants_in'
    /Users/joshua.lippiner/.gem/ruby/1.8/gems/activesupport-2.2.2/lib/active_support/dependencies.rb:142:in `load'
    /Users/joshua.lippiner/.gem/ruby/1.8/gems/rails-2.2.2/lib/commands/servers/mongrel.rb:64
    /Library/Ruby/Site/1.8/rubygems/custom_require.rb:31:in `gem_original_require'
    /Library/Ruby/Site/1.8/rubygems/custom_require.rb:31:in `require'
    /Users/joshua.lippiner/.gem/ruby/1.8/gems/activesupport-2.2.2/lib/active_support/dependencies.rb:153:in `require'
    /Users/joshua.lippiner/.gem/ruby/1.8/gems/activesupport-2.2.2/lib/active_support/dependencies.rb:521:in `new_constants_in'
    /Users/joshua.lippiner/.gem/ruby/1.8/gems/activesupport-2.2.2/lib/active_support/dependencies.rb:153:in `require'
    /Users/joshua.lippiner/.gem/ruby/1.8/gems/rails-2.2.2/lib/commands/server.rb:49
    /Library/Ruby/Site/1.8/rubygems/custom_require.rb:31:in `gem_original_require'
    /Library/Ruby/Site/1.8/rubygems/custom_require.rb:31:in `require'
    script/server:3

Rendered /Users/joshua.lippiner/.gem/ruby/1.8/gems/actionpack-2.2.2/lib/action_controller/templates/rescues/_trace (30.2ms)
Rendered /Users/joshua.lippiner/.gem/ruby/1.8/gems/actionpack-2.2.2/lib/action_controller/templates/rescues/_request_and_response (0.8ms)
Rendering /Users/joshua.lippiner/.gem/ruby/1.8/gems/actionpack-2.2.2/lib/action_controller/templates/rescues/layout.erb (internal_server_error)


Processing ClicksController#new (for 127.0.0.1 at 2009-03-09 14:54:30) [GET]
  [4;35;1mClicks Create (0.4ms)[0m   [0mINSERT INTO "clicks" ("referral", "updated_at", "tags", "useragent", "ip_address", "created_at") VALUES(NULL, '2009-03-09 18:54:30', NULL, NULL, NULL, '2009-03-09 18:54:30')[0m
Redirected to http://www.petitiontocuresma.org
Completed in 20ms (DB: 0) | 302 Found [http://localhost/clicks/new]


Processing ClicksController#new (for 127.0.0.1 at 2009-03-09 14:54:58) [GET]
  [4;36;1mClicks Create (0.4ms)[0m   [0;1mINSERT INTO "clicks" ("referral", "updated_at", "tags", "useragent", "ip_address", "created_at") VALUES(NULL, '2009-03-09 18:54:58', NULL, NULL, NULL, '2009-03-09 18:54:58')[0m
Redirected to http://www.petitiontocuresma.com
Completed in 87ms (DB: 0) | 302 Found [http://localhost/]


Processing ApplicationController#index (for 127.0.0.1 at 2009-03-09 14:55:18) [GET]


ActionController::RoutingError (No route matches "/testref" with {:method=>:get}):
    /Users/joshua.lippiner/.gem/ruby/1.8/gems/actionpack-2.2.2/lib/action_controller/routing/recognition_optimisation.rb:66:in `recognize_path'
    /Users/joshua.lippiner/.gem/ruby/1.8/gems/actionpack-2.2.2/lib/action_controller/routing/route_set.rb:386:in `recognize'
    /Users/joshua.lippiner/.gem/ruby/1.8/gems/actionpack-2.2.2/lib/action_controller/dispatcher.rb:182:in `handle_request'
    /Users/joshua.lippiner/.gem/ruby/1.8/gems/actionpack-2.2.2/lib/action_controller/dispatcher.rb:110:in `dispatch_unlocked'
    /Users/joshua.lippiner/.gem/ruby/1.8/gems/actionpack-2.2.2/lib/action_controller/dispatcher.rb:123:in `dispatch'
    /Users/joshua.lippiner/.gem/ruby/1.8/gems/actionpack-2.2.2/lib/action_controller/dispatcher.rb:122:in `synchronize'
    /Users/joshua.lippiner/.gem/ruby/1.8/gems/actionpack-2.2.2/lib/action_controller/dispatcher.rb:122:in `dispatch'
    /Users/joshua.lippiner/.gem/ruby/1.8/gems/actionpack-2.2.2/lib/action_controller/dispatcher.rb:132:in `dispatch_cgi'
    /Users/joshua.lippiner/.gem/ruby/1.8/gems/actionpack-2.2.2/lib/action_controller/dispatcher.rb:39:in `dispatch'
    /Users/joshua.lippiner/.gem/ruby/1.8/gems/mongrel-1.1.5/bin/../lib/mongrel/rails.rb:76:in `process'
    /Users/joshua.lippiner/.gem/ruby/1.8/gems/mongrel-1.1.5/bin/../lib/mongrel/rails.rb:74:in `synchronize'
    /Users/joshua.lippiner/.gem/ruby/1.8/gems/mongrel-1.1.5/bin/../lib/mongrel/rails.rb:74:in `process'
    /Users/joshua.lippiner/.gem/ruby/1.8/gems/mongrel-1.1.5/lib/mongrel.rb:159:in `process_client'
    /Users/joshua.lippiner/.gem/ruby/1.8/gems/mongrel-1.1.5/lib/mongrel.rb:158:in `each'
    /Users/joshua.lippiner/.gem/ruby/1.8/gems/mongrel-1.1.5/lib/mongrel.rb:158:in `process_client'
    /Users/joshua.lippiner/.gem/ruby/1.8/gems/mongrel-1.1.5/lib/mongrel.rb:285:in `run'
    /Users/joshua.lippiner/.gem/ruby/1.8/gems/mongrel-1.1.5/lib/mongrel.rb:285:in `initialize'
    /Users/joshua.lippiner/.gem/ruby/1.8/gems/mongrel-1.1.5/lib/mongrel.rb:285:in `new'
    /Users/joshua.lippiner/.gem/ruby/1.8/gems/mongrel-1.1.5/lib/mongrel.rb:285:in `run'
    /Users/joshua.lippiner/.gem/ruby/1.8/gems/mongrel-1.1.5/lib/mongrel.rb:268:in `initialize'
    /Users/joshua.lippiner/.gem/ruby/1.8/gems/mongrel-1.1.5/lib/mongrel.rb:268:in `new'
    /Users/joshua.lippiner/.gem/ruby/1.8/gems/mongrel-1.1.5/lib/mongrel.rb:268:in `run'
    /Users/joshua.lippiner/.gem/ruby/1.8/gems/mongrel-1.1.5/lib/mongrel/configurator.rb:282:in `run'
    /Users/joshua.lippiner/.gem/ruby/1.8/gems/mongrel-1.1.5/lib/mongrel/configurator.rb:281:in `each'
    /Users/joshua.lippiner/.gem/ruby/1.8/gems/mongrel-1.1.5/lib/mongrel/configurator.rb:281:in `run'
    /Users/joshua.lippiner/.gem/ruby/1.8/gems/mongrel-1.1.5/bin/mongrel_rails:128:in `run'
    /Users/joshua.lippiner/.gem/ruby/1.8/gems/mongrel-1.1.5/lib/mongrel/command.rb:212:in `run'
    /Users/joshua.lippiner/.gem/ruby/1.8/gems/mongrel-1.1.5/bin/mongrel_rails:281
    /Users/joshua.lippiner/.gem/ruby/1.8/gems/activesupport-2.2.2/lib/active_support/dependencies.rb:142:in `load_without_new_constant_marking'
    /Users/joshua.lippiner/.gem/ruby/1.8/gems/activesupport-2.2.2/lib/active_support/dependencies.rb:142:in `load'
    /Users/joshua.lippiner/.gem/ruby/1.8/gems/activesupport-2.2.2/lib/active_support/dependencies.rb:521:in `new_constants_in'
    /Users/joshua.lippiner/.gem/ruby/1.8/gems/activesupport-2.2.2/lib/active_support/dependencies.rb:142:in `load'
    /Users/joshua.lippiner/.gem/ruby/1.8/gems/rails-2.2.2/lib/commands/servers/mongrel.rb:64
    /Library/Ruby/Site/1.8/rubygems/custom_require.rb:31:in `gem_original_require'
    /Library/Ruby/Site/1.8/rubygems/custom_require.rb:31:in `require'
    /Users/joshua.lippiner/.gem/ruby/1.8/gems/activesupport-2.2.2/lib/active_support/dependencies.rb:153:in `require'
    /Users/joshua.lippiner/.gem/ruby/1.8/gems/activesupport-2.2.2/lib/active_support/dependencies.rb:521:in `new_constants_in'
    /Users/joshua.lippiner/.gem/ruby/1.8/gems/activesupport-2.2.2/lib/active_support/dependencies.rb:153:in `require'
    /Users/joshua.lippiner/.gem/ruby/1.8/gems/rails-2.2.2/lib/commands/server.rb:49
    /Library/Ruby/Site/1.8/rubygems/custom_require.rb:31:in `gem_original_require'
    /Library/Ruby/Site/1.8/rubygems/custom_require.rb:31:in `require'
    script/server:3

Rendering /Users/joshua.lippiner/.gem/ruby/1.8/gems/actionpack-2.2.2/lib/action_controller/templates/rescues/layout.erb (not_found)


Processing ClicksController#new (for 127.0.0.1 at 2009-03-09 14:55:33) [GET]
  Parameters: {"ref"=>"testref"}
  [4;35;1mClicks Create (0.6ms)[0m   [0mINSERT INTO "clicks" ("referral", "updated_at", "tags", "useragent", "ip_address", "created_at") VALUES('testref', '2009-03-09 18:55:33', NULL, NULL, NULL, '2009-03-09 18:55:33')[0m
Redirected to http://www.petitiontocuresma.com
Completed in 20ms (DB: 1) | 302 Found [http://localhost/testref]
  [4;36;1mSQL (0.2ms)[0m   [0;1mSET NAMES 'utf8'[0m
  [4;35;1mSQL (0.1ms)[0m   [0mSET SQL_AUTO_IS_NULL=0[0m
  [4;36;1mSQL (0.4ms)[0m   [0;1mCREATE DATABASE `endsma_development` DEFAULT CHARACTER SET `utf8` COLLATE `utf8_general_ci`[0m
  [4;36;1mSQL (0.2ms)[0m   [0;1mSET NAMES 'utf8'[0m
  [4;35;1mSQL (0.1ms)[0m   [0mSET SQL_AUTO_IS_NULL=0[0m
  [4;36;1mSQL (0.4ms)[0m   [0;1mSHOW TABLES[0m
  [4;35;1mSQL (84.4ms)[0m   [0mCREATE TABLE `schema_migrations` (`version` varchar(255) NOT NULL) ENGINE=InnoDB[0m
  [4;36;1mSQL (5.1ms)[0m   [0;1mCREATE UNIQUE INDEX `unique_schema_migrations` ON `schema_migrations` (`version`)[0m
  [4;35;1mSQL (0.3ms)[0m   [0mSHOW TABLES[0m
  [4;36;1mSQL (0.3ms)[0m   [0;1mSELECT version FROM schema_migrations[0m
Migrating to CreateClicks (20090309183155)
  [4;35;1mSQL (2.6ms)[0m   [0mCREATE TABLE `clicks` (`id` int(11) DEFAULT NULL auto_increment PRIMARY KEY, `referral` varchar(255), `tags` varchar(255), `ip_address` varchar(255), `useragent` varchar(255), `created_at` datetime, `updated_at` datetime) ENGINE=InnoDB[0m
  [4;36;1mSQL (0.8ms)[0m   [0;1mINSERT INTO schema_migrations (version) VALUES ('20090309183155')[0m
  [4;35;1mSQL (0.4ms)[0m   [0mSHOW TABLES[0m
  [4;36;1mSQL (0.2ms)[0m   [0;1mSELECT version FROM schema_migrations[0m
  [4;35;1mSQL (0.2ms)[0m   [0mSHOW TABLES[0m
  [4;36;1mSQL (1.9ms)[0m   [0;1mSHOW FIELDS FROM `clicks`[0m
  [4;35;1mSQL (7.2ms)[0m   [0mdescribe `clicks`[0m
  [4;36;1mSQL (2.2ms)[0m   [0;1mSHOW KEYS FROM `clicks`[0m


Processing ApplicationController#index (for 127.0.0.1 at 2009-03-09 15:59:27) [GET]


ActionController::RoutingError (No route matches "/testing/this.is.something" with {:method=>:get}):
    /Users/joshua.lippiner/.gem/ruby/1.8/gems/actionpack-2.2.2/lib/action_controller/routing/recognition_optimisation.rb:66:in `recognize_path'
    /Users/joshua.lippiner/.gem/ruby/1.8/gems/actionpack-2.2.2/lib/action_controller/routing/route_set.rb:386:in `recognize'
    /Users/joshua.lippiner/.gem/ruby/1.8/gems/actionpack-2.2.2/lib/action_controller/dispatcher.rb:182:in `handle_request'
    /Users/joshua.lippiner/.gem/ruby/1.8/gems/actionpack-2.2.2/lib/action_controller/dispatcher.rb:110:in `dispatch_unlocked'
    /Users/joshua.lippiner/.gem/ruby/1.8/gems/actionpack-2.2.2/lib/action_controller/dispatcher.rb:123:in `dispatch'
    /Users/joshua.lippiner/.gem/ruby/1.8/gems/actionpack-2.2.2/lib/action_controller/dispatcher.rb:122:in `synchronize'
    /Users/joshua.lippiner/.gem/ruby/1.8/gems/actionpack-2.2.2/lib/action_controller/dispatcher.rb:122:in `dispatch'
    /Users/joshua.lippiner/.gem/ruby/1.8/gems/actionpack-2.2.2/lib/action_controller/dispatcher.rb:132:in `dispatch_cgi'
    /Users/joshua.lippiner/.gem/ruby/1.8/gems/actionpack-2.2.2/lib/action_controller/dispatcher.rb:39:in `dispatch'
    /Users/joshua.lippiner/.gem/ruby/1.8/gems/mongrel-1.1.5/bin/../lib/mongrel/rails.rb:76:in `process'
    /Users/joshua.lippiner/.gem/ruby/1.8/gems/mongrel-1.1.5/bin/../lib/mongrel/rails.rb:74:in `synchronize'
    /Users/joshua.lippiner/.gem/ruby/1.8/gems/mongrel-1.1.5/bin/../lib/mongrel/rails.rb:74:in `process'
    /Users/joshua.lippiner/.gem/ruby/1.8/gems/mongrel-1.1.5/lib/mongrel.rb:159:in `process_client'
    /Users/joshua.lippiner/.gem/ruby/1.8/gems/mongrel-1.1.5/lib/mongrel.rb:158:in `each'
    /Users/joshua.lippiner/.gem/ruby/1.8/gems/mongrel-1.1.5/lib/mongrel.rb:158:in `process_client'
    /Users/joshua.lippiner/.gem/ruby/1.8/gems/mongrel-1.1.5/lib/mongrel.rb:285:in `run'
    /Users/joshua.lippiner/.gem/ruby/1.8/gems/mongrel-1.1.5/lib/mongrel.rb:285:in `initialize'
    /Users/joshua.lippiner/.gem/ruby/1.8/gems/mongrel-1.1.5/lib/mongrel.rb:285:in `new'
    /Users/joshua.lippiner/.gem/ruby/1.8/gems/mongrel-1.1.5/lib/mongrel.rb:285:in `run'
    /Users/joshua.lippiner/.gem/ruby/1.8/gems/mongrel-1.1.5/lib/mongrel.rb:268:in `initialize'
    /Users/joshua.lippiner/.gem/ruby/1.8/gems/mongrel-1.1.5/lib/mongrel.rb:268:in `new'
    /Users/joshua.lippiner/.gem/ruby/1.8/gems/mongrel-1.1.5/lib/mongrel.rb:268:in `run'
    /Users/joshua.lippiner/.gem/ruby/1.8/gems/mongrel-1.1.5/lib/mongrel/configurator.rb:282:in `run'
    /Users/joshua.lippiner/.gem/ruby/1.8/gems/mongrel-1.1.5/lib/mongrel/configurator.rb:281:in `each'
    /Users/joshua.lippiner/.gem/ruby/1.8/gems/mongrel-1.1.5/lib/mongrel/configurator.rb:281:in `run'
    /Users/joshua.lippiner/.gem/ruby/1.8/gems/mongrel-1.1.5/bin/mongrel_rails:128:in `run'
    /Users/joshua.lippiner/.gem/ruby/1.8/gems/mongrel-1.1.5/lib/mongrel/command.rb:212:in `run'
    /Users/joshua.lippiner/.gem/ruby/1.8/gems/mongrel-1.1.5/bin/mongrel_rails:281
    /Users/joshua.lippiner/.gem/ruby/1.8/gems/activesupport-2.2.2/lib/active_support/dependencies.rb:142:in `load_without_new_constant_marking'
    /Users/joshua.lippiner/.gem/ruby/1.8/gems/activesupport-2.2.2/lib/active_support/dependencies.rb:142:in `load'
    /Users/joshua.lippiner/.gem/ruby/1.8/gems/activesupport-2.2.2/lib/active_support/dependencies.rb:521:in `new_constants_in'
    /Users/joshua.lippiner/.gem/ruby/1.8/gems/activesupport-2.2.2/lib/active_support/dependencies.rb:142:in `load'
    /Users/joshua.lippiner/.gem/ruby/1.8/gems/rails-2.2.2/lib/commands/servers/mongrel.rb:64
    /Library/Ruby/Site/1.8/rubygems/custom_require.rb:31:in `gem_original_require'
    /Library/Ruby/Site/1.8/rubygems/custom_require.rb:31:in `require'
    /Users/joshua.lippiner/.gem/ruby/1.8/gems/activesupport-2.2.2/lib/active_support/dependencies.rb:153:in `require'
    /Users/joshua.lippiner/.gem/ruby/1.8/gems/activesupport-2.2.2/lib/active_support/dependencies.rb:521:in `new_constants_in'
    /Users/joshua.lippiner/.gem/ruby/1.8/gems/activesupport-2.2.2/lib/active_support/dependencies.rb:153:in `require'
    /Users/joshua.lippiner/.gem/ruby/1.8/gems/rails-2.2.2/lib/commands/server.rb:49
    /Library/Ruby/Site/1.8/rubygems/custom_require.rb:31:in `gem_original_require'
    /Library/Ruby/Site/1.8/rubygems/custom_require.rb:31:in `require'
    ./script/server:3
    /Users/joshua.lippiner/.gem/ruby/1.8/gems/ruby-debug-ide-0.3.1/lib/ruby-debug.rb:96:in `debug_load'
    /Users/joshua.lippiner/.gem/ruby/1.8/gems/ruby-debug-ide-0.3.1/lib/ruby-debug.rb:96:in `main'
    /Users/joshua.lippiner/.gem/ruby/1.8/gems/ruby-debug-ide-0.3.1/bin/rdebug-ide:76
    /Users/joshua.lippiner/.gem/ruby/1.8/bin/rdebug-ide:19:in `load'
    /Users/joshua.lippiner/.gem/ruby/1.8/bin/rdebug-ide:19

Rendering /Users/joshua.lippiner/.gem/ruby/1.8/gems/actionpack-2.2.2/lib/action_controller/templates/rescues/layout.erb (not_found)


Processing ClicksController#new (for 127.0.0.1 at 2009-03-09 15:59:31) [GET]
  Parameters: {"tags"=>"this", "ref"=>"testing"}
  [4;36;1mSQL (0.2ms)[0m   [0;1mSET NAMES 'utf8'[0m
  [4;35;1mSQL (0.1ms)[0m   [0mSET SQL_AUTO_IS_NULL=0[0m
  [4;36;1mClicks Columns (13.2ms)[0m   [0;1mSHOW FIELDS FROM `clicks`[0m
  [4;35;1mSQL (0.1ms)[0m   [0mBEGIN[0m
  [4;36;1mClicks Create (0.3ms)[0m   [0;1mINSERT INTO `clicks` (`referral`, `updated_at`, `tags`, `useragent`, `ip_address`, `created_at`) VALUES('testing', '2009-03-09 20:00:26', 'this', NULL, NULL, '2009-03-09 20:00:26')[0m
  [4;35;1mSQL (0.5ms)[0m   [0mCOMMIT[0m
Redirected to http://www.petitiontocuresma.com
Completed in 54853ms (DB: 14) | 302 Found [http://localhost/testing/this]


Processing ClicksController#new (for 127.0.0.1 at 2009-03-09 16:04:21) [GET]
  [4;36;1mSQL (0.1ms)[0m   [0;1mSET NAMES 'utf8'[0m
  [4;35;1mSQL (0.1ms)[0m   [0mSET SQL_AUTO_IS_NULL=0[0m
  [4;36;1mClicks Columns (12.2ms)[0m   [0;1mSHOW FIELDS FROM `clicks`[0m
  [4;35;1mSQL (0.2ms)[0m   [0mBEGIN[0m
  [4;36;1mClicks Create (1.4ms)[0m   [0;1mINSERT INTO `clicks` (`referral`, `updated_at`, `tags`, `useragent`, `ip_address`, `created_at`) VALUES(NULL, '2009-03-09 20:04:34', NULL, 'Mozilla/5.0 (Macintosh; U; Intel Mac OS X 10.5; en-US; rv:1.9.0.6) Gecko/2009011912 Firefox/3.0.6', NULL, '2009-03-09 20:04:34')[0m
  [4;35;1mSQL (0.5ms)[0m   [0mCOMMIT[0m
Redirected to http://www.petitiontocuresma.com
Completed in 13002ms (DB: 14) | 302 Found [http://localhost/]
